#
# There is insufficient memory for the Java Runtime Environment to continue.
# Native memory allocation (mmap) failed to map 65536 bytes for Failed to commit metaspace.
# Possible reasons:
#   The system is out of physical RAM or swap space
#   The process is running with CompressedOops enabled, and the Java Heap may be blocking the growth of the native heap
# Possible solutions:
#   Reduce memory load on the system
#   Increase physical memory or swap space
#   Check if swap backing store is full
#   Decrease Java heap size (-Xmx/-Xms)
#   Decrease number of Java threads
#   Decrease Java thread stack sizes (-Xss)
#   Set larger code cache with -XX:ReservedCodeCacheSize=
#   JVM is running with Unscaled Compressed Oops mode in which the Java heap is
#     placed in the first 4GB address space. The Java Heap base address is the
#     maximum limit for the native heap growth. Please use -XX:HeapBaseMinAddress
#     to set the Java Heap base and to place the Java Heap above 4GB virtual address.
# This output file may be truncated or incomplete.
#
#  Out of Memory Error (virtualSpaceNode.cpp:110), pid=14488, tid=11364
#
# JRE version: Java(TM) SE Runtime Environment (17.0.2+8) (build 17.0.2+8-LTS-86)
# Java VM: Java HotSpot(TM) 64-Bit Server VM (17.0.2+8-LTS-86, mixed mode, sharing, tiered, compressed oops, compressed class ptrs, g1 gc, windows-amd64)
# No core dump will be written. Minidumps are not enabled by default on client versions of Windows
#

---------------  S U M M A R Y ------------

Command Line: -Dfile.encoding=UTF-8 --module-path=D:\DOCUMENTS\NetBeansProjects\JavaApplication24\build\classes Pertemuan_2.Tugas

Host: Intel(R) Core(TM) i5-1035G1 CPU @ 1.00GHz, 8 cores, 7G,  Windows 11 , 64 bit Build 22621 (10.0.22621.317)
Time: Wed Mar  1 20:31:44 2023 SE Asia Standard Time elapsed time: 0.094312 seconds (0d 0h 0m 0s)

---------------  T H R E A D  ---------------

Current thread (0x0000022b33742c70):  JavaThread "main" [_thread_in_vm, id=11364, stack(0x0000007e97200000,0x0000007e97300000)]

Stack: [0x0000007e97200000,0x0000007e97300000]
Native frames: (J=compiled Java code, j=interpreted, Vv=VM code, C=native code)
V  [jvm.dll+0x670baa]
V  [jvm.dll+0x7cfcb4]
V  [jvm.dll+0x7d145e]
V  [jvm.dll+0x7d1ac3]
V  [jvm.dll+0x242bc5]
V  [jvm.dll+0x7cbc5b]
V  [jvm.dll+0x616966]
V  [jvm.dll+0x6169ca]
V  [jvm.dll+0x6191da]
V  [jvm.dll+0x617306]
V  [jvm.dll+0x24068c]
V  [jvm.dll+0x6c706d]
V  [jvm.dll+0x6c7a9f]
V  [jvm.dll+0x36c4c3]
V  [jvm.dll+0x36b682]
V  [jvm.dll+0x36b628]
V  [jvm.dll+0x559805]
V  [jvm.dll+0x55892d]
V  [jvm.dll+0x37f357]
V  [jvm.dll+0x37e9af]
C  0x0000022b3afaa602

Java frames: (J=compiled Java code, j=interpreted, Vv=VM code)
j  jdk.internal.logger.LazyLoggers$JdkLazyLogger.<init>(Ljava/lang/String;Ljava/lang/Module;)V+6 java.base@17.0.2
j  jdk.internal.logger.LazyLoggers.getLazyLogger(Ljava/lang/String;Ljava/lang/Module;)Ljava/lang/System$Logger;+14 java.base@17.0.2
j  sun.util.logging.PlatformLogger.getLogger(Ljava/lang/String;)Lsun/util/logging/PlatformLogger;+41 java.base@17.0.2
j  java.awt.Component.<clinit>()V+19 java.desktop@17.0.2
v  ~StubRoutines::call_stub
j  Pertemuan_2.Tugas.main([Ljava/lang/String;)V+0
v  ~StubRoutines::call_stub

---------------  P R O C E S S  ---------------

Threads class SMR info:
_java_thread_list=0x0000022b520c5cb0, length=13, elements={
0x0000022b33742c70, 0x0000022b515deac0, 0x0000022b515df380, 0x0000022b515ec8b0,
0x0000022b515ed170, 0x0000022b515f0a50, 0x0000022b515f1310, 0x0000022b515f1f00,
0x0000022b515f28b0, 0x0000022b515fb1c0, 0x0000022b515c89a0, 0x0000022b520efd70,
0x0000022b520fb6d0
}

Java Threads: ( => current thread )
=>0x0000022b33742c70 JavaThread "main" [_thread_in_vm, id=11364, stack(0x0000007e97200000,0x0000007e97300000)]
  0x0000022b515deac0 JavaThread "Reference Handler" daemon [_thread_blocked, id=9184, stack(0x0000007e97900000,0x0000007e97a00000)]
  0x0000022b515df380 JavaThread "Finalizer" daemon [_thread_blocked, id=12788, stack(0x0000007e97a00000,0x0000007e97b00000)]
  0x0000022b515ec8b0 JavaThread "Signal Dispatcher" daemon [_thread_blocked, id=15600, stack(0x0000007e97b00000,0x0000007e97c00000)]
  0x0000022b515ed170 JavaThread "Attach Listener" daemon [_thread_blocked, id=1940, stack(0x0000007e97c00000,0x0000007e97d00000)]
  0x0000022b515f0a50 JavaThread "Service Thread" daemon [_thread_blocked, id=12824, stack(0x0000007e97d00000,0x0000007e97e00000)]
  0x0000022b515f1310 JavaThread "Monitor Deflation Thread" daemon [_thread_blocked, id=23840, stack(0x0000007e97e00000,0x0000007e97f00000)]
  0x0000022b515f1f00 JavaThread "C2 CompilerThread0" daemon [_thread_blocked, id=9924, stack(0x0000007e97f00000,0x0000007e98000000)]
  0x0000022b515f28b0 JavaThread "C1 CompilerThread0" daemon [_thread_blocked, id=29552, stack(0x0000007e98000000,0x0000007e98100000)]
  0x0000022b515fb1c0 JavaThread "Sweeper thread" daemon [_thread_blocked, id=24672, stack(0x0000007e98100000,0x0000007e98200000)]
  0x0000022b515c89a0 JavaThread "Common-Cleaner" daemon [_thread_blocked, id=24816, stack(0x0000007e98200000,0x0000007e98300000)]
  0x0000022b520efd70 JavaThread "C2 CompilerThread1" daemon [_thread_blocked, id=18404, stack(0x0000007e98300000,0x0000007e98400000)]
  0x0000022b520fb6d0 JavaThread "Notification Thread" daemon [_thread_blocked, id=13976, stack(0x0000007e98400000,0x0000007e98500000)]

Other Threads:
  0x0000022b515d9210 VMThread "VM Thread" [stack: 0x0000007e97800000,0x0000007e97900000] [id=28780]
  0x0000022b33799510 WatcherThread [stack: 0x0000007e98500000,0x0000007e98600000] [id=28796]
  0x0000022b3377f810 GCTaskThread "GC Thread#0" [stack: 0x0000007e97300000,0x0000007e97400000] [id=22188]
  0x0000022b33790cf0 ConcurrentGCThread "G1 Main Marker" [stack: 0x0000007e97400000,0x0000007e97500000] [id=6348]
  0x0000022b33793520 ConcurrentGCThread "G1 Conc#0" [stack: 0x0000007e97500000,0x0000007e97600000] [id=22776]
  0x0000022b338002e0 ConcurrentGCThread "G1 Refine#0" [stack: 0x0000007e97600000,0x0000007e97700000] [id=12928]
  0x0000022b33801b20 ConcurrentGCThread "G1 Service" [stack: 0x0000007e97700000,0x0000007e97800000] [id=29976]

Threads with active compile tasks:

VM state: not at safepoint (normal execution)

VM Mutex/Monitor currently owned by a thread:  ([mutex/lock_event])
[0x0000022b3373cfc0] Metaspace_lock - owner thread: 0x0000022b33742c70

Heap address: 0x0000000084c00000, size: 1972 MB, Compressed Oops mode: 32-bit

CDS archive(s) mapped at: [0x0000000800000000-0x0000000800bc0000-0x0000000800bc0000), size 12320768, SharedBaseAddress: 0x0000000800000000, ArchiveRelocationMode: 0.
Compressed class space mapped at: 0x0000000800c00000-0x0000000840c00000, reserved size: 1073741824
Narrow klass base: 0x0000000800000000, Narrow klass shift: 0, Narrow klass range: 0x100000000

GC Precious Log:
 CPUs: 8 total, 8 available
 Memory: 7880M
 Large Page Support: Disabled
 NUMA Support: Disabled
 Compressed Oops: Enabled (32-bit)
 Heap Region Size: 1M
 Heap Min Capacity: 8M
 Heap Initial Capacity: 124M
 Heap Max Capacity: 1972M
 Pre-touch: Disabled
 Parallel Workers: 8
 Concurrent Workers: 2
 Concurrent Refinement Workers: 8
 Periodic GC: Disabled

Heap:
 garbage-first heap   total 126976K, used 1024K [0x0000000084c00000, 0x0000000100000000)
  region size 1024K, 2 young (2048K), 0 survivors (0K)
 Metaspace       used 1003K, committed 1152K, reserved 1056768K
  class space    used 102K, committed 192K, reserved 1048576K

Heap Regions: E=young(eden), S=young(survivor), O=old, HS=humongous(starts), HC=humongous(continues), CS=collection set, F=free, OA=open archive, CA=closed archive, TAMS=top-at-mark-start (previous, next)
|   0|0x0000000084c00000, 0x0000000084c00000, 0x0000000084d00000|  0%| F|  |TAMS 0x0000000084c00000, 0x0000000084c00000| Untracked 
|   1|0x0000000084d00000, 0x0000000084d00000, 0x0000000084e00000|  0%| F|  |TAMS 0x0000000084d00000, 0x0000000084d00000| Untracked 
|   2|0x0000000084e00000, 0x0000000084e00000, 0x0000000084f00000|  0%| F|  |TAMS 0x0000000084e00000, 0x0000000084e00000| Untracked 
|   3|0x0000000084f00000, 0x0000000084f00000, 0x0000000085000000|  0%| F|  |TAMS 0x0000000084f00000, 0x0000000084f00000| Untracked 
|   4|0x0000000085000000, 0x0000000085000000, 0x0000000085100000|  0%| F|  |TAMS 0x0000000085000000, 0x0000000085000000| Untracked 
|   5|0x0000000085100000, 0x0000000085100000, 0x0000000085200000|  0%| F|  |TAMS 0x0000000085100000, 0x0000000085100000| Untracked 
|   6|0x0000000085200000, 0x0000000085200000, 0x0000000085300000|  0%| F|  |TAMS 0x0000000085200000, 0x0000000085200000| Untracked 
|   7|0x0000000085300000, 0x0000000085300000, 0x0000000085400000|  0%| F|  |TAMS 0x0000000085300000, 0x0000000085300000| Untracked 
|   8|0x0000000085400000, 0x0000000085400000, 0x0000000085500000|  0%| F|  |TAMS 0x0000000085400000, 0x0000000085400000| Untracked 
|   9|0x0000000085500000, 0x0000000085500000, 0x0000000085600000|  0%| F|  |TAMS 0x0000000085500000, 0x0000000085500000| Untracked 
|  10|0x0000000085600000, 0x0000000085600000, 0x0000000085700000|  0%| F|  |TAMS 0x0000000085600000, 0x0000000085600000| Untracked 
|  11|0x0000000085700000, 0x0000000085700000, 0x0000000085800000|  0%| F|  |TAMS 0x0000000085700000, 0x0000000085700000| Untracked 
|  12|0x0000000085800000, 0x0000000085800000, 0x0000000085900000|  0%| F|  |TAMS 0x0000000085800000, 0x0000000085800000| Untracked 
|  13|0x0000000085900000, 0x0000000085900000, 0x0000000085a00000|  0%| F|  |TAMS 0x0000000085900000, 0x0000000085900000| Untracked 
|  14|0x0000000085a00000, 0x0000000085a00000, 0x0000000085b00000|  0%| F|  |TAMS 0x0000000085a00000, 0x0000000085a00000| Untracked 
|  15|0x0000000085b00000, 0x0000000085b00000, 0x0000000085c00000|  0%| F|  |TAMS 0x0000000085b00000, 0x0000000085b00000| Untracked 
|  16|0x0000000085c00000, 0x0000000085c00000, 0x0000000085d00000|  0%| F|  |TAMS 0x0000000085c00000, 0x0000000085c00000| Untracked 
|  17|0x0000000085d00000, 0x0000000085d00000, 0x0000000085e00000|  0%| F|  |TAMS 0x0000000085d00000, 0x0000000085d00000| Untracked 
|  18|0x0000000085e00000, 0x0000000085e00000, 0x0000000085f00000|  0%| F|  |TAMS 0x0000000085e00000, 0x0000000085e00000| Untracked 
|  19|0x0000000085f00000, 0x0000000085f00000, 0x0000000086000000|  0%| F|  |TAMS 0x0000000085f00000, 0x0000000085f00000| Untracked 
|  20|0x0000000086000000, 0x0000000086000000, 0x0000000086100000|  0%| F|  |TAMS 0x0000000086000000, 0x0000000086000000| Untracked 
|  21|0x0000000086100000, 0x0000000086100000, 0x0000000086200000|  0%| F|  |TAMS 0x0000000086100000, 0x0000000086100000| Untracked 
|  22|0x0000000086200000, 0x0000000086200000, 0x0000000086300000|  0%| F|  |TAMS 0x0000000086200000, 0x0000000086200000| Untracked 
|  23|0x0000000086300000, 0x0000000086300000, 0x0000000086400000|  0%| F|  |TAMS 0x0000000086300000, 0x0000000086300000| Untracked 
|  24|0x0000000086400000, 0x0000000086400000, 0x0000000086500000|  0%| F|  |TAMS 0x0000000086400000, 0x0000000086400000| Untracked 
|  25|0x0000000086500000, 0x0000000086500000, 0x0000000086600000|  0%| F|  |TAMS 0x0000000086500000, 0x0000000086500000| Untracked 
|  26|0x0000000086600000, 0x0000000086600000, 0x0000000086700000|  0%| F|  |TAMS 0x0000000086600000, 0x0000000086600000| Untracked 
|  27|0x0000000086700000, 0x0000000086700000, 0x0000000086800000|  0%| F|  |TAMS 0x0000000086700000, 0x0000000086700000| Untracked 
|  28|0x0000000086800000, 0x0000000086800000, 0x0000000086900000|  0%| F|  |TAMS 0x0000000086800000, 0x0000000086800000| Untracked 
|  29|0x0000000086900000, 0x0000000086900000, 0x0000000086a00000|  0%| F|  |TAMS 0x0000000086900000, 0x0000000086900000| Untracked 
|  30|0x0000000086a00000, 0x0000000086a00000, 0x0000000086b00000|  0%| F|  |TAMS 0x0000000086a00000, 0x0000000086a00000| Untracked 
|  31|0x0000000086b00000, 0x0000000086b00000, 0x0000000086c00000|  0%| F|  |TAMS 0x0000000086b00000, 0x0000000086b00000| Untracked 
|  32|0x0000000086c00000, 0x0000000086c00000, 0x0000000086d00000|  0%| F|  |TAMS 0x0000000086c00000, 0x0000000086c00000| Untracked 
|  33|0x0000000086d00000, 0x0000000086d00000, 0x0000000086e00000|  0%| F|  |TAMS 0x0000000086d00000, 0x0000000086d00000| Untracked 
|  34|0x0000000086e00000, 0x0000000086e00000, 0x0000000086f00000|  0%| F|  |TAMS 0x0000000086e00000, 0x0000000086e00000| Untracked 
|  35|0x0000000086f00000, 0x0000000086f00000, 0x0000000087000000|  0%| F|  |TAMS 0x0000000086f00000, 0x0000000086f00000| Untracked 
|  36|0x0000000087000000, 0x0000000087000000, 0x0000000087100000|  0%| F|  |TAMS 0x0000000087000000, 0x0000000087000000| Untracked 
|  37|0x0000000087100000, 0x0000000087100000, 0x0000000087200000|  0%| F|  |TAMS 0x0000000087100000, 0x0000000087100000| Untracked 
|  38|0x0000000087200000, 0x0000000087200000, 0x0000000087300000|  0%| F|  |TAMS 0x0000000087200000, 0x0000000087200000| Untracked 
|  39|0x0000000087300000, 0x0000000087300000, 0x0000000087400000|  0%| F|  |TAMS 0x0000000087300000, 0x0000000087300000| Untracked 
|  40|0x0000000087400000, 0x0000000087400000, 0x0000000087500000|  0%| F|  |TAMS 0x0000000087400000, 0x0000000087400000| Untracked 
|  41|0x0000000087500000, 0x0000000087500000, 0x0000000087600000|  0%| F|  |TAMS 0x0000000087500000, 0x0000000087500000| Untracked 
|  42|0x0000000087600000, 0x0000000087600000, 0x0000000087700000|  0%| F|  |TAMS 0x0000000087600000, 0x0000000087600000| Untracked 
|  43|0x0000000087700000, 0x0000000087700000, 0x0000000087800000|  0%| F|  |TAMS 0x0000000087700000, 0x0000000087700000| Untracked 
|  44|0x0000000087800000, 0x0000000087800000, 0x0000000087900000|  0%| F|  |TAMS 0x0000000087800000, 0x0000000087800000| Untracked 
|  45|0x0000000087900000, 0x0000000087900000, 0x0000000087a00000|  0%| F|  |TAMS 0x0000000087900000, 0x0000000087900000| Untracked 
|  46|0x0000000087a00000, 0x0000000087a00000, 0x0000000087b00000|  0%| F|  |TAMS 0x0000000087a00000, 0x0000000087a00000| Untracked 
|  47|0x0000000087b00000, 0x0000000087b00000, 0x0000000087c00000|  0%| F|  |TAMS 0x0000000087b00000, 0x0000000087b00000| Untracked 
|  48|0x0000000087c00000, 0x0000000087c00000, 0x0000000087d00000|  0%| F|  |TAMS 0x0000000087c00000, 0x0000000087c00000| Untracked 
|  49|0x0000000087d00000, 0x0000000087d00000, 0x0000000087e00000|  0%| F|  |TAMS 0x0000000087d00000, 0x0000000087d00000| Untracked 
|  50|0x0000000087e00000, 0x0000000087e00000, 0x0000000087f00000|  0%| F|  |TAMS 0x0000000087e00000, 0x0000000087e00000| Untracked 
|  51|0x0000000087f00000, 0x0000000087f00000, 0x0000000088000000|  0%| F|  |TAMS 0x0000000087f00000, 0x0000000087f00000| Untracked 
|  52|0x0000000088000000, 0x0000000088000000, 0x0000000088100000|  0%| F|  |TAMS 0x0000000088000000, 0x0000000088000000| Untracked 
|  53|0x0000000088100000, 0x0000000088100000, 0x0000000088200000|  0%| F|  |TAMS 0x0000000088100000, 0x0000000088100000| Untracked 
|  54|0x0000000088200000, 0x0000000088200000, 0x0000000088300000|  0%| F|  |TAMS 0x0000000088200000, 0x0000000088200000| Untracked 
|  55|0x0000000088300000, 0x0000000088300000, 0x0000000088400000|  0%| F|  |TAMS 0x0000000088300000, 0x0000000088300000| Untracked 
|  56|0x0000000088400000, 0x0000000088400000, 0x0000000088500000|  0%| F|  |TAMS 0x0000000088400000, 0x0000000088400000| Untracked 
|  57|0x0000000088500000, 0x0000000088500000, 0x0000000088600000|  0%| F|  |TAMS 0x0000000088500000, 0x0000000088500000| Untracked 
|  58|0x0000000088600000, 0x0000000088600000, 0x0000000088700000|  0%| F|  |TAMS 0x0000000088600000, 0x0000000088600000| Untracked 
|  59|0x0000000088700000, 0x0000000088700000, 0x0000000088800000|  0%| F|  |TAMS 0x0000000088700000, 0x0000000088700000| Untracked 
|  60|0x0000000088800000, 0x0000000088800000, 0x0000000088900000|  0%| F|  |TAMS 0x0000000088800000, 0x0000000088800000| Untracked 
|  61|0x0000000088900000, 0x0000000088900000, 0x0000000088a00000|  0%| F|  |TAMS 0x0000000088900000, 0x0000000088900000| Untracked 
|  62|0x0000000088a00000, 0x0000000088a00000, 0x0000000088b00000|  0%| F|  |TAMS 0x0000000088a00000, 0x0000000088a00000| Untracked 
|  63|0x0000000088b00000, 0x0000000088b00000, 0x0000000088c00000|  0%| F|  |TAMS 0x0000000088b00000, 0x0000000088b00000| Untracked 
|  64|0x0000000088c00000, 0x0000000088c00000, 0x0000000088d00000|  0%| F|  |TAMS 0x0000000088c00000, 0x0000000088c00000| Untracked 
|  65|0x0000000088d00000, 0x0000000088d00000, 0x0000000088e00000|  0%| F|  |TAMS 0x0000000088d00000, 0x0000000088d00000| Untracked 
|  66|0x0000000088e00000, 0x0000000088e00000, 0x0000000088f00000|  0%| F|  |TAMS 0x0000000088e00000, 0x0000000088e00000| Untracked 
|  67|0x0000000088f00000, 0x0000000088f00000, 0x0000000089000000|  0%| F|  |TAMS 0x0000000088f00000, 0x0000000088f00000| Untracked 
|  68|0x0000000089000000, 0x0000000089000000, 0x0000000089100000|  0%| F|  |TAMS 0x0000000089000000, 0x0000000089000000| Untracked 
|  69|0x0000000089100000, 0x0000000089100000, 0x0000000089200000|  0%| F|  |TAMS 0x0000000089100000, 0x0000000089100000| Untracked 
|  70|0x0000000089200000, 0x0000000089200000, 0x0000000089300000|  0%| F|  |TAMS 0x0000000089200000, 0x0000000089200000| Untracked 
|  71|0x0000000089300000, 0x0000000089300000, 0x0000000089400000|  0%| F|  |TAMS 0x0000000089300000, 0x0000000089300000| Untracked 
|  72|0x0000000089400000, 0x0000000089400000, 0x0000000089500000|  0%| F|  |TAMS 0x0000000089400000, 0x0000000089400000| Untracked 
|  73|0x0000000089500000, 0x0000000089500000, 0x0000000089600000|  0%| F|  |TAMS 0x0000000089500000, 0x0000000089500000| Untracked 
|  74|0x0000000089600000, 0x0000000089600000, 0x0000000089700000|  0%| F|  |TAMS 0x0000000089600000, 0x0000000089600000| Untracked 
|  75|0x0000000089700000, 0x0000000089700000, 0x0000000089800000|  0%| F|  |TAMS 0x0000000089700000, 0x0000000089700000| Untracked 
|  76|0x0000000089800000, 0x0000000089800000, 0x0000000089900000|  0%| F|  |TAMS 0x0000000089800000, 0x0000000089800000| Untracked 
|  77|0x0000000089900000, 0x0000000089900000, 0x0000000089a00000|  0%| F|  |TAMS 0x0000000089900000, 0x0000000089900000| Untracked 
|  78|0x0000000089a00000, 0x0000000089a00000, 0x0000000089b00000|  0%| F|  |TAMS 0x0000000089a00000, 0x0000000089a00000| Untracked 
|  79|0x0000000089b00000, 0x0000000089b00000, 0x0000000089c00000|  0%| F|  |TAMS 0x0000000089b00000, 0x0000000089b00000| Untracked 
|  80|0x0000000089c00000, 0x0000000089c00000, 0x0000000089d00000|  0%| F|  |TAMS 0x0000000089c00000, 0x0000000089c00000| Untracked 
|  81|0x0000000089d00000, 0x0000000089d00000, 0x0000000089e00000|  0%| F|  |TAMS 0x0000000089d00000, 0x0000000089d00000| Untracked 
|  82|0x0000000089e00000, 0x0000000089e00000, 0x0000000089f00000|  0%| F|  |TAMS 0x0000000089e00000, 0x0000000089e00000| Untracked 
|  83|0x0000000089f00000, 0x0000000089f00000, 0x000000008a000000|  0%| F|  |TAMS 0x0000000089f00000, 0x0000000089f00000| Untracked 
|  84|0x000000008a000000, 0x000000008a000000, 0x000000008a100000|  0%| F|  |TAMS 0x000000008a000000, 0x000000008a000000| Untracked 
|  85|0x000000008a100000, 0x000000008a100000, 0x000000008a200000|  0%| F|  |TAMS 0x000000008a100000, 0x000000008a100000| Untracked 
|  86|0x000000008a200000, 0x000000008a200000, 0x000000008a300000|  0%| F|  |TAMS 0x000000008a200000, 0x000000008a200000| Untracked 
|  87|0x000000008a300000, 0x000000008a300000, 0x000000008a400000|  0%| F|  |TAMS 0x000000008a300000, 0x000000008a300000| Untracked 
|  88|0x000000008a400000, 0x000000008a400000, 0x000000008a500000|  0%| F|  |TAMS 0x000000008a400000, 0x000000008a400000| Untracked 
|  89|0x000000008a500000, 0x000000008a500000, 0x000000008a600000|  0%| F|  |TAMS 0x000000008a500000, 0x000000008a500000| Untracked 
|  90|0x000000008a600000, 0x000000008a600000, 0x000000008a700000|  0%| F|  |TAMS 0x000000008a600000, 0x000000008a600000| Untracked 
|  91|0x000000008a700000, 0x000000008a700000, 0x000000008a800000|  0%| F|  |TAMS 0x000000008a700000, 0x000000008a700000| Untracked 
|  92|0x000000008a800000, 0x000000008a800000, 0x000000008a900000|  0%| F|  |TAMS 0x000000008a800000, 0x000000008a800000| Untracked 
|  93|0x000000008a900000, 0x000000008a900000, 0x000000008aa00000|  0%| F|  |TAMS 0x000000008a900000, 0x000000008a900000| Untracked 
|  94|0x000000008aa00000, 0x000000008aa00000, 0x000000008ab00000|  0%| F|  |TAMS 0x000000008aa00000, 0x000000008aa00000| Untracked 
|  95|0x000000008ab00000, 0x000000008ab00000, 0x000000008ac00000|  0%| F|  |TAMS 0x000000008ab00000, 0x000000008ab00000| Untracked 
|  96|0x000000008ac00000, 0x000000008ac00000, 0x000000008ad00000|  0%| F|  |TAMS 0x000000008ac00000, 0x000000008ac00000| Untracked 
|  97|0x000000008ad00000, 0x000000008ad00000, 0x000000008ae00000|  0%| F|  |TAMS 0x000000008ad00000, 0x000000008ad00000| Untracked 
|  98|0x000000008ae00000, 0x000000008ae00000, 0x000000008af00000|  0%| F|  |TAMS 0x000000008ae00000, 0x000000008ae00000| Untracked 
|  99|0x000000008af00000, 0x000000008af00000, 0x000000008b000000|  0%| F|  |TAMS 0x000000008af00000, 0x000000008af00000| Untracked 
| 100|0x000000008b000000, 0x000000008b000000, 0x000000008b100000|  0%| F|  |TAMS 0x000000008b000000, 0x000000008b000000| Untracked 
| 101|0x000000008b100000, 0x000000008b100000, 0x000000008b200000|  0%| F|  |TAMS 0x000000008b100000, 0x000000008b100000| Untracked 
| 102|0x000000008b200000, 0x000000008b200000, 0x000000008b300000|  0%| F|  |TAMS 0x000000008b200000, 0x000000008b200000| Untracked 
| 103|0x000000008b300000, 0x000000008b300000, 0x000000008b400000|  0%| F|  |TAMS 0x000000008b300000, 0x000000008b300000| Untracked 
| 104|0x000000008b400000, 0x000000008b400000, 0x000000008b500000|  0%| F|  |TAMS 0x000000008b400000, 0x000000008b400000| Untracked 
| 105|0x000000008b500000, 0x000000008b500000, 0x000000008b600000|  0%| F|  |TAMS 0x000000008b500000, 0x000000008b500000| Untracked 
| 106|0x000000008b600000, 0x000000008b600000, 0x000000008b700000|  0%| F|  |TAMS 0x000000008b600000, 0x000000008b600000| Untracked 
| 107|0x000000008b700000, 0x000000008b700000, 0x000000008b800000|  0%| F|  |TAMS 0x000000008b700000, 0x000000008b700000| Untracked 
| 108|0x000000008b800000, 0x000000008b800000, 0x000000008b900000|  0%| F|  |TAMS 0x000000008b800000, 0x000000008b800000| Untracked 
| 109|0x000000008b900000, 0x000000008b900000, 0x000000008ba00000|  0%| F|  |TAMS 0x000000008b900000, 0x000000008b900000| Untracked 
| 110|0x000000008ba00000, 0x000000008ba00000, 0x000000008bb00000|  0%| F|  |TAMS 0x000000008ba00000, 0x000000008ba00000| Untracked 
| 111|0x000000008bb00000, 0x000000008bb00000, 0x000000008bc00000|  0%| F|  |TAMS 0x000000008bb00000, 0x000000008bb00000| Untracked 
| 112|0x000000008bc00000, 0x000000008bc00000, 0x000000008bd00000|  0%| F|  |TAMS 0x000000008bc00000, 0x000000008bc00000| Untracked 
| 113|0x000000008bd00000, 0x000000008bd00000, 0x000000008be00000|  0%| F|  |TAMS 0x000000008bd00000, 0x000000008bd00000| Untracked 
| 114|0x000000008be00000, 0x000000008be00000, 0x000000008bf00000|  0%| F|  |TAMS 0x000000008be00000, 0x000000008be00000| Untracked 
| 115|0x000000008bf00000, 0x000000008bf00000, 0x000000008c000000|  0%| F|  |TAMS 0x000000008bf00000, 0x000000008bf00000| Untracked 
| 116|0x000000008c000000, 0x000000008c000000, 0x000000008c100000|  0%| F|  |TAMS 0x000000008c000000, 0x000000008c000000| Untracked 
| 117|0x000000008c100000, 0x000000008c100000, 0x000000008c200000|  0%| F|  |TAMS 0x000000008c100000, 0x000000008c100000| Untracked 
| 118|0x000000008c200000, 0x000000008c200000, 0x000000008c300000|  0%| F|  |TAMS 0x000000008c200000, 0x000000008c200000| Untracked 
| 119|0x000000008c300000, 0x000000008c300000, 0x000000008c400000|  0%| F|  |TAMS 0x000000008c300000, 0x000000008c300000| Untracked 
| 120|0x000000008c400000, 0x000000008c400000, 0x000000008c500000|  0%| F|  |TAMS 0x000000008c400000, 0x000000008c400000| Untracked 
| 121|0x000000008c500000, 0x000000008c500000, 0x000000008c600000|  0%| F|  |TAMS 0x000000008c500000, 0x000000008c500000| Untracked 
| 122|0x000000008c600000, 0x000000008c6ec088, 0x000000008c700000| 92%| E|  |TAMS 0x000000008c600000, 0x000000008c600000| Complete 
| 123|0x000000008c700000, 0x000000008c800000, 0x000000008c800000|100%| E|CS|TAMS 0x000000008c700000, 0x000000008c700000| Complete 

Card table byte_map: [0x0000022b4a6a0000,0x0000022b4aa80000] _byte_map_base: 0x0000022b4a27a000

Marking Bits (Prev, Next): (CMBitMap*) 0x0000022b33780d40, (CMBitMap*) 0x0000022b33780d80
 Prev Bits: [0x0000022b4ae60000, 0x0000022b4cd30000)
 Next Bits: [0x0000022b4cd30000, 0x0000022b4ec00000)

Polling page: 0x0000022b31710000

Metaspace:

Usage:
  Non-class:    900.73 KB used.
      Class:    102.77 KB used.
       Both:   1003.49 KB used.

Virtual space:
  Non-class space:        8.00 MB reserved,     960.00 KB ( 12%) committed,  1 nodes.
      Class space:        1.00 GB reserved,     192.00 KB ( <1%) committed,  1 nodes.
             Both:        1.01 GB reserved,       1.12 MB ( <1%) committed. 

Chunk freelists:
   Non-Class:  3.99 MB
       Class:  3.75 MB
        Both:  7.74 MB

MaxMetaspaceSize: unlimited
CompressedClassSpaceSize: 1.00 GB
Initial GC threshold: 21.00 MB
Current GC threshold: 21.00 MB
CDS: on
MetaspaceReclaimPolicy: balanced
 - commit_granule_bytes: 65536.
 - commit_granule_words: 8192.
 - virtual_space_node_default_size: 1048576.
 - enlarge_chunks_in_place: 1.
 - new_chunks_are_fully_committed: 0.
 - uncommit_free_chunks: 1.
 - use_allocation_guard: 0.
 - handle_deallocations: 1.


Internal statistics:

num_allocs_failed_limit: 0.
num_arena_births: 6.
num_arena_deaths: 0.
num_vsnodes_births: 2.
num_vsnodes_deaths: 0.
num_space_committed: 18.
num_space_uncommitted: 0.
num_chunks_returned_to_freelist: 0.
num_chunks_taken_from_freelist: 7.
num_chunk_merges: 0.
num_chunk_splits: 2.
num_chunks_enlarged: 1.
num_purges: 0.
num_inconsistent_stats: 0.

CodeHeap 'non-profiled nmethods': size=120000Kb used=65Kb max_used=65Kb free=119934Kb
 bounds [0x0000022b42a60000, 0x0000022b42cd0000, 0x0000022b49f90000]
CodeHeap 'profiled nmethods': size=120000Kb used=155Kb max_used=155Kb free=119845Kb
 bounds [0x0000022b3b530000, 0x0000022b3b7a0000, 0x0000022b42a60000]
CodeHeap 'non-nmethods': size=5760Kb used=1106Kb max_used=1120Kb free=4653Kb
 bounds [0x0000022b3af90000, 0x0000022b3b200000, 0x0000022b3b530000]
 total_blobs=536 nmethods=167 adapters=282
 compilation: enabled
              stopped_count=0, restarted_count=0
 full_count=0

Compilation events (20 events):
Event: 0.090 Thread 0x0000022b515f28b0 nmethod 151 0x0000022b42a6e010 code [0x0000022b42a6e1a0, 0x0000022b42a6e278]
Event: 0.090 Thread 0x0000022b515f28b0  153       3       java.lang.String::checkBoundsBeginEnd (63 bytes)
Event: 0.090 Thread 0x0000022b520efd70 nmethod 142 0x0000022b42a6e310 code [0x0000022b42a6e4e0, 0x0000022b42a6ee78]
Event: 0.091 Thread 0x0000022b515f28b0 nmethod 153 0x0000022b3b552e90 code [0x0000022b3b553120, 0x0000022b3b553a18]
Event: 0.091 Thread 0x0000022b515f28b0  155       3       java.lang.ref.Reference::reachabilityFence (1 bytes)
Event: 0.091 Thread 0x0000022b515f28b0 nmethod 155 0x0000022b3b553d90 code [0x0000022b3b553f20, 0x0000022b3b554018]
Event: 0.091 Thread 0x0000022b515f28b0  156       3       java.util.Optional::orElse (16 bytes)
Event: 0.091 Thread 0x0000022b515f28b0 nmethod 156 0x0000022b3b554090 code [0x0000022b3b554220, 0x0000022b3b554398]
Event: 0.091 Thread 0x0000022b515f28b0  157       3       java.nio.Buffer::scope (17 bytes)
Event: 0.092 Thread 0x0000022b515f28b0 nmethod 157 0x0000022b3b554410 code [0x0000022b3b5545c0, 0x0000022b3b554768]
Event: 0.092 Thread 0x0000022b515f28b0  158       3       java.nio.Buffer::checkIndex (22 bytes)
Event: 0.092 Thread 0x0000022b515f28b0 nmethod 158 0x0000022b3b554810 code [0x0000022b3b5549c0, 0x0000022b3b554bc8]
Event: 0.092 Thread 0x0000022b520efd70  163       4       java.lang.String::charAt (25 bytes)
Event: 0.092 Thread 0x0000022b515f28b0  159   !   3       java.nio.DirectByteBuffer::get (34 bytes)
Event: 0.092 Thread 0x0000022b515f1f00  165       4       java.lang.ref.Reference::reachabilityFence (1 bytes)
Event: 0.092 Thread 0x0000022b515f1f00 nmethod 165 0x0000022b42a6f810 code [0x0000022b42a6f980, 0x0000022b42a6f9d8]
Event: 0.092 Thread 0x0000022b515f28b0 nmethod 159 0x0000022b3b554c90 code [0x0000022b3b554ec0, 0x0000022b3b5556b8]
Event: 0.092 Thread 0x0000022b515f28b0  160       3       java.nio.DirectByteBuffer::ix (10 bytes)
Event: 0.093 Thread 0x0000022b515f28b0 nmethod 160 0x0000022b3b555b10 code [0x0000022b3b555ca0, 0x0000022b3b555db8]
Event: 0.093 Thread 0x0000022b515f28b0  161   !   3       jdk.internal.misc.ScopedMemoryAccess::getByte (20 bytes)

GC Heap History (0 events):
No events

Deoptimization events (0 events):
No events

Classes unloaded (0 events):
No events

Classes redefined (0 events):
No events

Internal exceptions (5 events):
Event: 0.063 Thread 0x0000022b33742c70 Exception <a 'sun/nio/fs/WindowsException'{0x000000008c63f298}> (0x000000008c63f298) 
thrown [t:\workspace\open\src\hotspot\share\prims\jni.cpp, line 516]
Event: 0.063 Thread 0x0000022b33742c70 Exception <a 'sun/nio/fs/WindowsException'{0x000000008c63f7a8}> (0x000000008c63f7a8) 
thrown [t:\workspace\open\src\hotspot\share\prims\jni.cpp, line 516]
Event: 0.064 Thread 0x0000022b33742c70 Exception <a 'sun/nio/fs/WindowsException'{0x000000008c642a60}> (0x000000008c642a60) 
thrown [t:\workspace\open\src\hotspot\share\prims\jni.cpp, line 516]
Event: 0.065 Thread 0x0000022b33742c70 Exception <a 'sun/nio/fs/WindowsException'{0x000000008c643510}> (0x000000008c643510) 
thrown [t:\workspace\open\src\hotspot\share\prims\jni.cpp, line 516]
Event: 0.065 Thread 0x0000022b33742c70 Exception <a 'sun/nio/fs/WindowsException'{0x000000008c643f90}> (0x000000008c643f90) 
thrown [t:\workspace\open\src\hotspot\share\prims\jni.cpp, line 516]

VM Operations (2 events):
Event: 0.066 Executing VM operation: HandshakeAllThreads
Event: 0.066 Executing VM operation: HandshakeAllThreads done

Events (20 events):
Event: 0.089 loading class sun/util/logging/PlatformLogger$Level done
Event: 0.089 loading class java/lang/System$Logger$Level
Event: 0.089 loading class java/lang/System$Logger$Level done
Event: 0.089 loading class jdk/internal/logger/LazyLoggers
Event: 0.089 loading class jdk/internal/logger/LazyLoggers done
Event: 0.089 loading class jdk/internal/logger/LazyLoggers$1
Event: 0.089 loading class jdk/internal/logger/LazyLoggers$1 done
Event: 0.089 loading class jdk/internal/logger/LazyLoggers$LazyLoggerFactories
Event: 0.089 loading class jdk/internal/logger/LazyLoggers$LazyLoggerFactories done
Event: 0.090 Loaded shared library C:\Program Files\Java\jdk-17.0.2\bin\jimage.dll
Event: 0.093 loading class jdk/internal/logger/LazyLoggers$JdkLazyLogger
Event: 0.093 loading class jdk/internal/logger/LazyLoggers$LazyLoggerWrapper
Event: 0.093 loading class jdk/internal/logger/AbstractLoggerWrapper
Event: 0.093 loading class jdk/internal/logger/AbstractLoggerWrapper done
Event: 0.093 loading class jdk/internal/logger/LazyLoggers$LazyLoggerWrapper done
Event: 0.093 loading class jdk/internal/logger/LazyLoggers$JdkLazyLogger done
Event: 0.093 loading class jdk/internal/logger/LazyLoggers$LazyLoggerAccessor
Event: 0.093 loading class jdk/internal/logger/LazyLoggers$LoggerAccessor
Event: 0.093 loading class jdk/internal/logger/LazyLoggers$LoggerAccessor done
Event: 0.093 loading class jdk/internal/logger/LazyLoggers$LazyLoggerAccessor done


Dynamic libraries:
0x00007ff77b1e0000 - 0x00007ff77b1f0000 	C:\Program Files\Java\jdk-17.0.2\bin\java.exe
0x00007ffa62470000 - 0x00007ffa62684000 	C:\WINDOWS\SYSTEM32\ntdll.dll
0x00007ffa33630000 - 0x00007ffa33647000 	C:\Program Files\Avast Software\Avast\aswhook.dll
0x00007ffa60e10000 - 0x00007ffa60ed2000 	C:\WINDOWS\System32\KERNEL32.DLL
0x00007ffa5fd40000 - 0x00007ffa600dc000 	C:\WINDOWS\System32\KERNELBASE.dll
0x00007ffa5fa40000 - 0x00007ffa5fb51000 	C:\WINDOWS\System32\ucrtbase.dll
0x00007ffa564b0000 - 0x00007ffa564c8000 	C:\Program Files\Java\jdk-17.0.2\bin\jli.dll
0x00007ffa56310000 - 0x00007ffa5632a000 	C:\Program Files\Java\jdk-17.0.2\bin\VCRUNTIME140.dll
0x00007ffa607e0000 - 0x00007ffa6088e000 	C:\WINDOWS\System32\ADVAPI32.dll
0x00007ffa622d0000 - 0x00007ffa62377000 	C:\WINDOWS\System32\msvcrt.dll
0x00007ffa60890000 - 0x00007ffa60934000 	C:\WINDOWS\System32\sechost.dll
0x00007ffa60a20000 - 0x00007ffa60b35000 	C:\WINDOWS\System32\RPCRT4.dll
0x00007ffa60630000 - 0x00007ffa607db000 	C:\WINDOWS\System32\USER32.dll
0x00007ffa5fa10000 - 0x00007ffa5fa36000 	C:\WINDOWS\System32\win32u.dll
0x00007ffa37650000 - 0x00007ffa378de000 	C:\WINDOWS\WinSxS\amd64_microsoft.windows.common-controls_6595b64144ccf1df_6.0.22621.317_none_a9434687c10c9fa2\COMCTL32.dll
0x00007ffa621a0000 - 0x00007ffa621c9000 	C:\WINDOWS\System32\GDI32.dll
0x00007ffa600e0000 - 0x00007ffa601f2000 	C:\WINDOWS\System32\gdi32full.dll
0x00007ffa5f970000 - 0x00007ffa5fa0a000 	C:\WINDOWS\System32\msvcp_win.dll
0x00007ffa54d50000 - 0x00007ffa54d5a000 	C:\WINDOWS\SYSTEM32\VERSION.dll
0x00007ffa60300000 - 0x00007ffa60331000 	C:\WINDOWS\System32\IMM32.DLL
0x00007ffa565a0000 - 0x00007ffa565ac000 	C:\Program Files\Java\jdk-17.0.2\bin\vcruntime140_1.dll
0x00007ffa42f20000 - 0x00007ffa42fad000 	C:\Program Files\Java\jdk-17.0.2\bin\msvcp140.dll
0x00007ff9efaf0000 - 0x00007ff9f06b1000 	C:\Program Files\Java\jdk-17.0.2\bin\server\jvm.dll
0x00007ffa60b40000 - 0x00007ffa60b48000 	C:\WINDOWS\System32\PSAPI.DLL
0x00007ffa55670000 - 0x00007ffa556a4000 	C:\WINDOWS\SYSTEM32\WINMM.dll
0x00007ffa4b380000 - 0x00007ffa4b389000 	C:\WINDOWS\SYSTEM32\WSOCK32.dll
0x00007ffa60f30000 - 0x00007ffa60fa1000 	C:\WINDOWS\System32\WS2_32.dll
0x00007ffa5e920000 - 0x00007ffa5e938000 	C:\WINDOWS\SYSTEM32\kernel.appcore.dll
0x00007ffa556d0000 - 0x00007ffa556da000 	C:\Program Files\Java\jdk-17.0.2\bin\jimage.dll
0x00007ffa5d020000 - 0x00007ffa5d24e000 	C:\WINDOWS\SYSTEM32\DBGHELP.DLL
0x00007ffa61ca0000 - 0x00007ffa62029000 	C:\WINDOWS\System32\combase.dll
0x00007ffa60940000 - 0x00007ffa60a17000 	C:\WINDOWS\System32\OLEAUT32.dll
0x00007ffa4d630000 - 0x00007ffa4d662000 	C:\WINDOWS\SYSTEM32\dbgcore.DLL
0x00007ffa60200000 - 0x00007ffa6027b000 	C:\WINDOWS\System32\bcryptPrimitives.dll
0x00007ffa4e010000 - 0x00007ffa4e035000 	C:\Program Files\Java\jdk-17.0.2\bin\java.dll
0x00007ffa14e10000 - 0x00007ffa14ee6000 	C:\Program Files\Java\jdk-17.0.2\bin\jsvml.dll
0x00007ffa61030000 - 0x00007ffa6180b000 	C:\WINDOWS\System32\SHELL32.dll
0x00007ffa5d8f0000 - 0x00007ffa5e1a4000 	C:\WINDOWS\SYSTEM32\windows.storage.dll
0x00007ffa5d7b0000 - 0x00007ffa5d8ed000 	C:\WINDOWS\SYSTEM32\wintypes.dll
0x00007ffa60cf0000 - 0x00007ffa60de1000 	C:\WINDOWS\System32\SHCORE.dll
0x00007ffa62140000 - 0x00007ffa6219e000 	C:\WINDOWS\System32\shlwapi.dll
0x00007ffa5f7e0000 - 0x00007ffa5f801000 	C:\WINDOWS\SYSTEM32\profapi.dll
0x00007ffa47980000 - 0x00007ffa47999000 	C:\Program Files\Java\jdk-17.0.2\bin\net.dll
0x00007ffa54e30000 - 0x00007ffa54f5f000 	C:\WINDOWS\SYSTEM32\WINHTTP.dll
0x00007ffa5ed80000 - 0x00007ffa5ede9000 	C:\WINDOWS\system32\mswsock.dll
0x00007ffa45240000 - 0x00007ffa45256000 	C:\Program Files\Java\jdk-17.0.2\bin\nio.dll

dbghelp: loaded successfully - version: 4.0.5 - missing functions: none
symbol engine: initialized successfully - sym options: 0x614 - pdb path: .;C:\Program Files\Java\jdk-17.0.2\bin;C:\WINDOWS\SYSTEM32;C:\Program Files\Avast Software\Avast;C:\WINDOWS\WinSxS\amd64_microsoft.windows.common-controls_6595b64144ccf1df_6.0.22621.317_none_a9434687c10c9fa2;C:\Program Files\Java\jdk-17.0.2\bin\server

VM Arguments:
jvm_args: -Dfile.encoding=UTF-8 --module-path=D:\DOCUMENTS\NetBeansProjects\JavaApplication24\build\classes 
java_command: Pertemuan_2.Tugas
java_class_path (initial): D:\DOCUMENTS\NetBeansProjects\JavaApplication24\build\classes
Launcher Type: SUN_STANDARD

[Global flags]
     intx CICompilerCount                          = 4                                         {product} {ergonomic}
     uint ConcGCThreads                            = 2                                         {product} {ergonomic}
     uint G1ConcRefinementThreads                  = 8                                         {product} {ergonomic}
   size_t G1HeapRegionSize                         = 1048576                                   {product} {ergonomic}
    uintx GCDrainStackTargetSize                   = 64                                        {product} {ergonomic}
   size_t InitialHeapSize                          = 130023424                                 {product} {ergonomic}
   size_t MarkStackSize                            = 4194304                                   {product} {ergonomic}
   size_t MaxHeapSize                              = 2067791872                                {product} {ergonomic}
   size_t MaxNewSize                               = 1240465408                                {product} {ergonomic}
   size_t MinHeapDeltaBytes                        = 1048576                                   {product} {ergonomic}
   size_t MinHeapSize                              = 8388608                                   {product} {ergonomic}
    uintx NonNMethodCodeHeapSize                   = 5839372                                {pd product} {ergonomic}
    uintx NonProfiledCodeHeapSize                  = 122909434                              {pd product} {ergonomic}
    uintx ProfiledCodeHeapSize                     = 122909434                              {pd product} {ergonomic}
    uintx ReservedCodeCacheSize                    = 251658240                              {pd product} {ergonomic}
     bool SegmentedCodeCache                       = true                                      {product} {ergonomic}
   size_t SoftMaxHeapSize                          = 2067791872                             {manageable} {ergonomic}
     bool UseCompressedClassPointers               = true                           {product lp64_product} {ergonomic}
     bool UseCompressedOops                        = true                           {product lp64_product} {ergonomic}
     bool UseG1GC                                  = true                                      {product} {ergonomic}
     bool UseLargePagesIndividualAllocation        = false                                  {pd product} {ergonomic}

Logging:
Log output configuration:
 #0: stdout all=warning uptime,level,tags
 #1: stderr all=off uptime,level,tags

Environment Variables:
JAVA_HOME=C:\Program Files\Java\jdk-17.0.2
PATH=C:\Program Files (x86)\Common Files\Intel\Shared Libraries\redist\intel64\compiler;C:\Program Files\Common Files\Oracle\Java\javapath;C:\oraclexe\app\oracle\product\11.2.0\server\bin;C:\WINDOWS\system32;C:\WINDOWS;C:\WINDOWS\System32\Wbem;C:\WINDOWS\System32\WindowsPowerShell\v1.0\;C:\WINDOWS\System32\OpenSSH\;C:\Program Files\Java\jdk-17.0.2\bin;C:\Program Files\Git\cmd;C:\Users\hp\AppData\Local\Programs\Python\Python310\Scripts\;C:\Users\hp\AppData\Local\Programs\Python\Python310\;C:\Users\hp\AppData\Local\Microsoft\WindowsApps
USERNAME=hp
OS=Windows_NT
PROCESSOR_IDENTIFIER=Intel64 Family 6 Model 126 Stepping 5, GenuineIntel



---------------  S Y S T E M  ---------------

OS:
 Windows 11 , 64 bit Build 22621 (10.0.22621.317)
OS uptime: 46 days 23:29 hours

CPU: total 8 (initial active 8) (4 cores per cpu, 2 threads per core) family 6 model 126 stepping 5 microcode 0xa0, cx8, cmov, fxsr, ht, mmx, 3dnowpref, sse, sse2, sse3, ssse3, sse4.1, sse4.2, popcnt, lzcnt, tsc, tscinvbit, avx, avx2, aes, erms, clmul, bmi1, bmi2, adx, avx512f, avx512dq, avx512cd, avx512bw, avx512vl, sha, fma, vzeroupper, avx512_vpopcntdq, avx512_vpclmulqdq, avx512_vaes, avx512_vnni, clflush, clflushopt, avx512_vbmi2, avx512_vbmi

Memory: 4k page, system-wide physical 7880M (973M free)
TotalPageFile size 27063M (AvailPageFile size 4M)
current process WorkingSet (physical memory assigned to process): 34M, peak: 34M
current process commit charge ("private bytes"): 207M, peak: 207M

vm_info: Java HotSpot(TM) 64-Bit Server VM (17.0.2+8-LTS-86) for windows-amd64 JRE (17.0.2+8-LTS-86), built on Dec  7 2021 21:51:03 by "mach5one" with MS VC++ 16.8 / 16.9 (VS2019)

END.
